# JRE version: OpenJDK Runtime Environment (8.0_121-b13) (build 1.8.0_121-8u121-b13-0ubuntu1.16.10.2-b13)
# Java VM: OpenJDK 64-Bit Server VM (25.121-b13 mixed mode linux-amd64 compressed oops)
Heap:
 PSYoungGen      total 63488K, used 41963K [0x00000000ebf00000, 0x00000000f1a80000, 0x0000000100000000)
  eden space 56320K, 61% used [0x00000000ebf00000,0x00000000ee1017b0,0x00000000ef600000)
  from space 7168K, 99% used [0x00000000ef600000,0x00000000efcf9590,0x00000000efd00000)
  to   space 9216K, 0% used [0x00000000f1180000,0x00000000f1180000,0x00000000f1a80000)
 ParOldGen       total 36352K, used 19633K [0x00000000c3c00000, 0x00000000c5f80000, 0x00000000ebf00000)
  object space 36352K, 54% used [0x00000000c3c00000,0x00000000c4f2c608,0x00000000c5f80000)
 Metaspace       used 33264K, capacity 34208K, committed 34304K, reserved 1079296K
  class space    used 4468K, capacity 4850K, committed 4864K, reserved 1048576K
GC Heap History (10 events):
Event: 6.917 GC heap before
{Heap before GC invocations=10 (full 1):
 PSYoungGen      total 37376K, used 4174K [0x00000000ebf00000, 0x00000000efc00000, 0x0000000100000000)
  eden space 31744K, 0% used [0x00000000ebf00000,0x00000000ebf00000,0x00000000ede00000)
  from space 5632K, 74% used [0x00000000ede00000,0x00000000ee213988,0x00000000ee380000)
  to   space 5632K, 0% used [0x00000000ef680000,0x00000000ef680000,0x00000000efc00000)
 ParOldGen       total 42496K, used 10090K [0x00000000c3c00000, 0x00000000c6580000, 0x00000000ebf00000)
  object space 42496K, 23% used [0x00000000c3c00000,0x00000000c45dab00,0x00000000c6580000)
 Metaspace       used 20755K, capacity 21174K, committed 21296K, reserved 1067008K
  class space    used 2754K, capacity 2914K, committed 2944K, reserved 1048576K
Event: 7.008 GC heap after
Heap after GC invocations=10 (full 1):
 PSYoungGen      total 37376K, used 0K [0x00000000ebf00000, 0x00000000efc00000, 0x0000000100000000)
  eden space 31744K, 0% used [0x00000000ebf00000,0x00000000ebf00000,0x00000000ede00000)
  from space 5632K, 0% used [0x00000000ede00000,0x00000000ede00000,0x00000000ee380000)
  to   space 5632K, 0% used [0x00000000ef680000,0x00000000ef680000,0x00000000efc00000)
 ParOldGen       total 36352K, used 11638K [0x00000000c3c00000, 0x00000000c5f80000, 0x00000000ebf00000)
  object space 36352K, 32% used [0x00000000c3c00000,0x00000000c475d9d8,0x00000000c5f80000)
 Metaspace       used 20755K, capacity 21174K, committed 21296K, reserved 1067008K
  class space    used 2754K, capacity 2914K, committed 2944K, reserved 1048576K
}
Event: 7.465 GC heap before
{Heap before GC invocations=11 (full 1):
 PSYoungGen      total 37376K, used 31744K [0x00000000ebf00000, 0x00000000efc00000, 0x0000000100000000)
  eden space 31744K, 100% used [0x00000000ebf00000,0x00000000ede00000,0x00000000ede00000)
  from space 5632K, 0% used [0x00000000ede00000,0x00000000ede00000,0x00000000ee380000)
  to   space 5632K, 0% used [0x00000000ef680000,0x00000000ef680000,0x00000000efc00000)
 ParOldGen       total 36352K, used 11638K [0x00000000c3c00000, 0x00000000c5f80000, 0x00000000ebf00000)
  object space 36352K, 32% used [0x00000000c3c00000,0x00000000c475d9d8,0x00000000c5f80000)
 Metaspace       used 22910K, capacity 23372K, committed 23552K, reserved 1069056K
  class space    used 3082K, capacity 3278K, committed 3328K, reserved 1048576K
Event: 7.473 GC heap after
Heap after GC invocations=11 (full 1):
 PSYoungGen      total 47104K, used 3389K [0x00000000ebf00000, 0x00000000efa00000, 0x0000000100000000)
  eden space 43520K, 0% used [0x00000000ebf00000,0x00000000ebf00000,0x00000000ee980000)
  from space 3584K, 94% used [0x00000000ef680000,0x00000000ef9cf510,0x00000000efa00000)
  to   space 5632K, 0% used [0x00000000eef00000,0x00000000eef00000,0x00000000ef480000)
 ParOldGen       total 36352K, used 11638K [0x00000000c3c00000, 0x00000000c5f80000, 0x00000000ebf00000)
  object space 36352K, 32% used [0x00000000c3c00000,0x00000000c475d9d8,0x00000000c5f80000)
 Metaspace       used 22910K, capacity 23372K, committed 23552K, reserved 1069056K
  class space    used 3082K, capacity 3278K, committed 3328K, reserved 1048576K
}
Event: 9.940 GC heap before
{Heap before GC invocations=12 (full 1):
 PSYoungGen      total 47104K, used 46909K [0x00000000ebf00000, 0x00000000efa00000, 0x0000000100000000)
  eden space 43520K, 100% used [0x00000000ebf00000,0x00000000ee980000,0x00000000ee980000)
  from space 3584K, 94% used [0x00000000ef680000,0x00000000ef9cf510,0x00000000efa00000)
  to   space 5632K, 0% used [0x00000000eef00000,0x00000000eef00000,0x00000000ef480000)
 ParOldGen       total 36352K, used 11638K [0x00000000c3c00000, 0x00000000c5f80000, 0x00000000ebf00000)
  object space 36352K, 32% used [0x00000000c3c00000,0x00000000c475d9d8,0x00000000c5f80000)
 Metaspace       used 26100K, capacity 26926K, committed 27008K, reserved 1073152K
  class space    used 3420K, capacity 3689K, committed 3712K, reserved 1048576K
Event: 9.949 GC heap after
Heap after GC invocations=12 (full 1):
 PSYoungGen      total 54784K, used 4336K [0x00000000ebf00000, 0x00000000f0280000, 0x0000000100000000)
  eden space 49152K, 0% used [0x00000000ebf00000,0x00000000ebf00000,0x00000000eef00000)
  from space 5632K, 76% used [0x00000000eef00000,0x00000000ef33c0c0,0x00000000ef480000)
  to   space 5632K, 0% used [0x00000000efd00000,0x00000000efd00000,0x00000000f0280000)
 ParOldGen       total 36352K, used 12890K [0x00000000c3c00000, 0x00000000c5f80000, 0x00000000ebf00000)
  object space 36352K, 35% used [0x00000000c3c00000,0x00000000c48969e8,0x00000000c5f80000)
 Metaspace       used 26100K, capacity 26926K, committed 27008K, reserved 1073152K
  class space    used 3420K, capacity 3689K, committed 3712K, reserved 1048576K
}
Event: 10.507 GC heap before
{Heap before GC invocations=13 (full 1):
 PSYoungGen      total 54784K, used 53488K [0x00000000ebf00000, 0x00000000f0280000, 0x0000000100000000)
  eden space 49152K, 100% used [0x00000000ebf00000,0x00000000eef00000,0x00000000eef00000)
  from space 5632K, 76% used [0x00000000eef00000,0x00000000ef33c0c0,0x00000000ef480000)
  to   space 5632K, 0% used [0x00000000efd00000,0x00000000efd00000,0x00000000f0280000)
 ParOldGen       total 36352K, used 12890K [0x00000000c3c00000, 0x00000000c5f80000, 0x00000000ebf00000)
  object space 36352K, 35% used [0x00000000c3c00000,0x00000000c48969e8,0x00000000c5f80000)
 Metaspace       used 29260K, capacity 30118K, committed 30336K, reserved 1075200K
  class space    used 3922K, capacity 4219K, committed 4224K, reserved 1048576K
Event: 10.517 GC heap after
Heap after GC invocations=13 (full 1):
 PSYoungGen      total 61952K, used 5602K [0x00000000ebf00000, 0x00000000f0d80000, 0x0000000100000000)
  eden space 56320K, 0% used [0x00000000ebf00000,0x00000000ebf00000,0x00000000ef600000)
  from space 5632K, 99% used [0x00000000efd00000,0x00000000f0278bc0,0x00000000f0280000)
  to   space 7168K, 0% used [0x00000000ef600000,0x00000000ef600000,0x00000000efd00000)
 ParOldGen       total 36352K, used 15819K [0x00000000c3c00000, 0x00000000c5f80000, 0x00000000ebf00000)
  object space 36352K, 43% used [0x00000000c3c00000,0x00000000c4b72cb8,0x00000000c5f80000)
 Metaspace       used 29260K, capacity 30118K, committed 30336K, reserved 1075200K
  class space    used 3922K, capacity 4219K, committed 4224K, reserved 1048576K
}
Event: 11.607 GC heap before
{Heap before GC invocations=14 (full 1):
 PSYoungGen      total 61952K, used 61922K [0x00000000ebf00000, 0x00000000f0d80000, 0x0000000100000000)
  eden space 56320K, 100% used [0x00000000ebf00000,0x00000000ef600000,0x00000000ef600000)
  from space 5632K, 99% used [0x00000000efd00000,0x00000000f0278bc0,0x00000000f0280000)
  to   space 7168K, 0% used [0x00000000ef600000,0x00000000ef600000,0x00000000efd00000)
 ParOldGen       total 36352K, used 15819K [0x00000000c3c00000, 0x00000000c5f80000, 0x00000000ebf00000)
  object space 36352K, 43% used [0x00000000c3c00000,0x00000000c4b72cb8,0x00000000c5f80000)
 Metaspace       used 31399K, capacity 32378K, committed 32512K, reserved 1077248K
  class space    used 4240K, capacity 4606K, committed 4608K, reserved 1048576K
Event: 11.625 GC heap after
Heap after GC invocations=14 (full 1):
 PSYoungGen      total 63488K, used 7141K [0x00000000ebf00000, 0x00000000f1a80000, 0x0000000100000000)
  eden space 56320K, 0% used [0x00000000ebf00000,0x00000000ebf00000,0x00000000ef600000)
  from space 7168K, 99% used [0x00000000ef600000,0x00000000efcf9590,0x00000000efd00000)
  to   space 9216K, 0% used [0x00000000f1180000,0x00000000f1180000,0x00000000f1a80000)
 ParOldGen       total 36352K, used 19633K [0x00000000c3c00000, 0x00000000c5f80000, 0x00000000ebf00000)
  object space 36352K, 54% used [0x00000000c3c00000,0x00000000c4f2c608,0x00000000c5f80000)
 Metaspace       used 31399K, capacity 32378K, committed 32512K, reserved 1077248K
  class space    used 4240K, capacity 4606K, committed 4608K, reserved 1048576K
}

